2023-06-30T20:18:36.352+03:00  INFO 4944 --- [main] c.e.q.QueryServiceApplication            : Starting QueryServiceApplication using Java 19.0.1 with PID 4944 (C:\calismalar\cqrs-microservice\query-service\target\classes started by emre in C:\calismalar\cqrs-microservice\query-service)
2023-06-30T20:18:36.355+03:00  INFO 4944 --- [main] c.e.q.QueryServiceApplication            : No active profile set, falling back to 1 default profile: "default"
2023-06-30T20:18:37.523+03:00  INFO 4944 --- [main] .s.d.r.c.RepositoryConfigurationDelegate : Bootstrapping Spring Data Elasticsearch repositories in DEFAULT mode.
2023-06-30T20:18:37.610+03:00  INFO 4944 --- [main] .s.d.r.c.RepositoryConfigurationDelegate : Finished Spring Data repository scanning in 79 ms. Found 1 Elasticsearch repository interfaces.
2023-06-30T20:18:37.623+03:00  INFO 4944 --- [main] .s.d.r.c.RepositoryConfigurationDelegate : Bootstrapping Spring Data Reactive Elasticsearch repositories in DEFAULT mode.
2023-06-30T20:18:37.627+03:00  INFO 4944 --- [main] .s.d.r.c.RepositoryConfigurationDelegate : Finished Spring Data repository scanning in 3 ms. Found 0 Reactive Elasticsearch repository interfaces.
2023-06-30T20:18:38.462+03:00  INFO 4944 --- [main] o.s.b.w.embedded.tomcat.TomcatWebServer  : Tomcat initialized with port(s): 8082 (http)
2023-06-30T20:18:38.479+03:00  INFO 4944 --- [main] o.apache.catalina.core.StandardService   : Starting service [Tomcat]
2023-06-30T20:18:38.479+03:00  INFO 4944 --- [main] o.apache.catalina.core.StandardEngine    : Starting Servlet engine: [Apache Tomcat/10.1.10]
2023-06-30T20:18:38.619+03:00  INFO 4944 --- [main] o.a.c.c.C.[Tomcat].[localhost].[/]       : Initializing Spring embedded WebApplicationContext
2023-06-30T20:18:38.621+03:00  INFO 4944 --- [main] w.s.c.ServletWebServerApplicationContext : Root WebApplicationContext: initialization completed in 2110 ms
2023-06-30T20:18:39.773+03:00  WARN 4944 --- [main] org.elasticsearch.client.RestClient      : request [HEAD http://localhost:9200/urun] returned 1 warnings: [299 Elasticsearch-7.15.0-79d65f6e357953a5b3cbcc5e2c7c21073d89aa29 "Elasticsearch built-in security features are not enabled. Without authentication, your cluster could be accessible to anyone. See https://www.elastic.co/guide/en/elasticsearch/reference/7.15/security-minimal-setup.html to enable security."]
2023-06-30T20:18:40.524+03:00  WARN 4944 --- [main] ocalVariableTableParameterNameDiscoverer : Using deprecated '-debug' fallback for parameter name resolution. Compile the affected code with '-parameters' instead or avoid its introspection: org.springframework.amqp.rabbit.core.RabbitAdmin
2023-06-30T20:18:40.581+03:00  INFO 4944 --- [main] o.s.b.w.embedded.tomcat.TomcatWebServer  : Tomcat started on port(s): 8082 (http) with context path ''
2023-06-30T20:18:40.596+03:00  INFO 4944 --- [main] c.e.q.QueryServiceApplication            : Started QueryServiceApplication in 5.784 seconds (process running for 7.627)
2023-06-30T20:18:46.894+03:00  INFO 4944 --- [http-nio-8082-exec-1] o.a.c.c.C.[Tomcat].[localhost].[/]       : Initializing Spring DispatcherServlet 'dispatcherServlet'
2023-06-30T20:18:46.894+03:00  INFO 4944 --- [http-nio-8082-exec-1] o.s.web.servlet.DispatcherServlet        : Initializing Servlet 'dispatcherServlet'
2023-06-30T20:18:46.896+03:00  INFO 4944 --- [http-nio-8082-exec-1] o.s.web.servlet.DispatcherServlet        : Completed initialization in 1 ms
2023-06-30T20:18:47.063+03:00  WARN 4944 --- [http-nio-8082-exec-1] org.elasticsearch.client.RestClient      : request [POST http://localhost:9200/urun/_search?search_type=query_then_fetch&typed_keys=true] returned 1 warnings: [299 Elasticsearch-7.15.0-79d65f6e357953a5b3cbcc5e2c7c21073d89aa29 "Elasticsearch built-in security features are not enabled. Without authentication, your cluster could be accessible to anyone. See https://www.elastic.co/guide/en/elasticsearch/reference/7.15/security-minimal-setup.html to enable security."]
2023-06-30T20:18:47.379+03:00  WARN 4944 --- [http-nio-8082-exec-1] org.elasticsearch.client.RestClient      : request [POST http://localhost:9200/urun/_search?search_type=query_then_fetch&typed_keys=true] returned 1 warnings: [299 Elasticsearch-7.15.0-79d65f6e357953a5b3cbcc5e2c7c21073d89aa29 "Elasticsearch built-in security features are not enabled. Without authentication, your cluster could be accessible to anyone. See https://www.elastic.co/guide/en/elasticsearch/reference/7.15/security-minimal-setup.html to enable security."]
2023-06-30T20:18:47.519+03:00  INFO 4944 --- [http-nio-8082-exec-1] c.e.q.controller.QueryController         : Tüm ürünler getirildi.
2023-06-30T20:18:54.492+03:00  WARN 4944 --- [http-nio-8082-exec-3] org.elasticsearch.client.RestClient      : request [GET http://localhost:9200/urun/_doc/5] returned 1 warnings: [299 Elasticsearch-7.15.0-79d65f6e357953a5b3cbcc5e2c7c21073d89aa29 "Elasticsearch built-in security features are not enabled. Without authentication, your cluster could be accessible to anyone. See https://www.elastic.co/guide/en/elasticsearch/reference/7.15/security-minimal-setup.html to enable security."]
2023-06-30T20:18:54.496+03:00  INFO 4944 --- [http-nio-8082-exec-3] c.e.q.controller.QueryController         : Tek kayıt getirildi. Urun ID: 5
2023-06-30T20:25:29.335+03:00  INFO 21620 --- [main] c.e.q.QueryServiceApplication            : Starting QueryServiceApplication using Java 19.0.1 with PID 21620 (C:\calismalar\cqrs-microservice\query-service\target\classes started by emre in C:\calismalar\cqrs-microservice\query-service)
2023-06-30T20:25:29.340+03:00  INFO 21620 --- [main] c.e.q.QueryServiceApplication            : No active profile set, falling back to 1 default profile: "default"
2023-06-30T20:25:30.478+03:00  INFO 21620 --- [main] .s.d.r.c.RepositoryConfigurationDelegate : Bootstrapping Spring Data Elasticsearch repositories in DEFAULT mode.
2023-06-30T20:25:30.578+03:00  INFO 21620 --- [main] .s.d.r.c.RepositoryConfigurationDelegate : Finished Spring Data repository scanning in 90 ms. Found 1 Elasticsearch repository interfaces.
2023-06-30T20:25:30.590+03:00  INFO 21620 --- [main] .s.d.r.c.RepositoryConfigurationDelegate : Bootstrapping Spring Data Reactive Elasticsearch repositories in DEFAULT mode.
2023-06-30T20:25:30.594+03:00  INFO 21620 --- [main] .s.d.r.c.RepositoryConfigurationDelegate : Finished Spring Data repository scanning in 3 ms. Found 0 Reactive Elasticsearch repository interfaces.
2023-06-30T20:25:31.303+03:00  INFO 21620 --- [main] o.s.b.w.embedded.tomcat.TomcatWebServer  : Tomcat initialized with port(s): 8082 (http)
2023-06-30T20:25:31.316+03:00  INFO 21620 --- [main] o.apache.catalina.core.StandardService   : Starting service [Tomcat]
2023-06-30T20:25:31.317+03:00  INFO 21620 --- [main] o.apache.catalina.core.StandardEngine    : Starting Servlet engine: [Apache Tomcat/10.1.10]
2023-06-30T20:25:31.570+03:00  INFO 21620 --- [main] o.a.c.c.C.[Tomcat].[localhost].[/]       : Initializing Spring embedded WebApplicationContext
2023-06-30T20:25:31.571+03:00  INFO 21620 --- [main] w.s.c.ServletWebServerApplicationContext : Root WebApplicationContext: initialization completed in 2130 ms
2023-06-30T20:25:32.312+03:00  WARN 21620 --- [main] org.elasticsearch.client.RestClient      : request [HEAD http://localhost:9200/urun] returned 1 warnings: [299 Elasticsearch-7.15.0-79d65f6e357953a5b3cbcc5e2c7c21073d89aa29 "Elasticsearch built-in security features are not enabled. Without authentication, your cluster could be accessible to anyone. See https://www.elastic.co/guide/en/elasticsearch/reference/7.15/security-minimal-setup.html to enable security."]
2023-06-30T20:25:32.986+03:00  WARN 21620 --- [main] ocalVariableTableParameterNameDiscoverer : Using deprecated '-debug' fallback for parameter name resolution. Compile the affected code with '-parameters' instead or avoid its introspection: org.springframework.amqp.rabbit.core.RabbitAdmin
2023-06-30T20:25:33.032+03:00  INFO 21620 --- [main] o.s.b.w.embedded.tomcat.TomcatWebServer  : Tomcat started on port(s): 8082 (http) with context path ''
2023-06-30T20:25:33.048+03:00  INFO 21620 --- [main] c.e.q.QueryServiceApplication            : Started QueryServiceApplication in 4.591 seconds (process running for 5.673)
2023-06-30T20:25:48.178+03:00  INFO 21620 --- [http-nio-8082-exec-2] o.a.c.c.C.[Tomcat].[localhost].[/]       : Initializing Spring DispatcherServlet 'dispatcherServlet'
2023-06-30T20:25:48.178+03:00  INFO 21620 --- [http-nio-8082-exec-2] o.s.web.servlet.DispatcherServlet        : Initializing Servlet 'dispatcherServlet'
2023-06-30T20:25:48.180+03:00  INFO 21620 --- [http-nio-8082-exec-2] o.s.web.servlet.DispatcherServlet        : Completed initialization in 1 ms
2023-06-30T20:25:48.271+03:00  WARN 21620 --- [http-nio-8082-exec-2] org.elasticsearch.client.RestClient      : request [GET http://localhost:9200/urun/_doc/5] returned 1 warnings: [299 Elasticsearch-7.15.0-79d65f6e357953a5b3cbcc5e2c7c21073d89aa29 "Elasticsearch built-in security features are not enabled. Without authentication, your cluster could be accessible to anyone. See https://www.elastic.co/guide/en/elasticsearch/reference/7.15/security-minimal-setup.html to enable security."]
2023-06-30T20:25:48.413+03:00  INFO 21620 --- [http-nio-8082-exec-2] c.e.q.controller.QueryController         : Tek kayıt getirildi. Urun ID: 5
